# JRE version: OpenJDK Runtime Environment (21.0.9) (build 21.0.9+-14787801-b1163.94)
# Java VM: OpenJDK 64-Bit Server VM (21.0.9+-14787801-b1163.94, mixed mode, tiered, compressed oops, compressed class ptrs, g1 gc, windows-amd64)
GC Precious Log:
 CardTable entry size: 512
 Card Set container configuration: InlinePtr #cards 5 size 8 Array Of Cards #cards 12 size 40 Howl #buckets 4 coarsen threshold 1843 Howl Bitmap #cards 512 size 80 coarsen threshold 460 Card regions per heap region 1 cards per card region 2048
 CPUs: 12 total, 12 available
 Memory: 16309M
 Large Page Support: Disabled
 NUMA Support: Disabled
 Compressed Oops: Enabled (32-bit)
 Heap Region Size: 1M
 Heap Min Capacity: 8M
 Heap Initial Capacity: 256M
 Heap Max Capacity: 2G
 Pre-touch: Disabled
 Parallel Workers: 10
 Concurrent Workers: 3
 Concurrent Refinement Workers: 10
 Periodic GC: Disabled
Heap:
 garbage-first heap   total 247808K, used 221190K [0x0000000080000000, 0x0000000100000000)
  region size 1024K, 80 young (81920K), 6 survivors (6144K)
 Metaspace       used 129590K, committed 131712K, reserved 1179648K
  class space    used 18043K, committed 19072K, reserved 1048576K
GC Heap History (20 events):
Event: 13.280 GC heap before
{Heap before GC invocations=29 (full 0):
 garbage-first heap   total 191488K, used 158587K [0x0000000080000000, 0x0000000100000000)
  region size 1024K, 50 young (51200K), 6 survivors (6144K)
 Metaspace       used 86714K, committed 88576K, reserved 1179648K
  class space    used 12078K, committed 12992K, reserved 1048576K
}
Event: 13.284 GC heap after
{Heap after GC invocations=30 (full 0):
 garbage-first heap   total 191488K, used 115378K [0x0000000080000000, 0x0000000100000000)
  region size 1024K, 4 young (4096K), 4 survivors (4096K)
 Metaspace       used 86714K, committed 88576K, reserved 1179648K
  class space    used 12078K, committed 12992K, reserved 1048576K
}
Event: 14.105 GC heap before
{Heap before GC invocations=30 (full 0):
 garbage-first heap   total 191488K, used 182962K [0x0000000080000000, 0x0000000100000000)
  region size 1024K, 64 young (65536K), 4 survivors (4096K)
 Metaspace       used 91212K, committed 93120K, reserved 1179648K
  class space    used 12692K, committed 13632K, reserved 1048576K
}
Event: 14.114 GC heap after
{Heap after GC invocations=31 (full 0):
 garbage-first heap   total 194560K, used 118954K [0x0000000080000000, 0x0000000100000000)
  region size 1024K, 8 young (8192K), 8 survivors (8192K)
 Metaspace       used 91212K, committed 93120K, reserved 1179648K
  class space    used 12692K, committed 13632K, reserved 1048576K
}
Event: 14.880 GC heap before
{Heap before GC invocations=31 (full 0):
 garbage-first heap   total 194560K, used 166058K [0x0000000080000000, 0x0000000100000000)
  region size 1024K, 55 young (56320K), 8 survivors (8192K)
 Metaspace       used 95589K, committed 97600K, reserved 1179648K
  class space    used 13283K, committed 14272K, reserved 1048576K
}
Event: 14.889 GC heap after
{Heap after GC invocations=32 (full 0):
 garbage-first heap   total 194560K, used 122665K [0x0000000080000000, 0x0000000100000000)
  region size 1024K, 3 young (3072K), 3 survivors (3072K)
 Metaspace       used 95589K, committed 97600K, reserved 1179648K
  class space    used 13283K, committed 14272K, reserved 1048576K
}
Event: 15.652 GC heap before
{Heap before GC invocations=33 (full 0):
 garbage-first heap   total 211968K, used 185129K [0x0000000080000000, 0x0000000100000000)
  region size 1024K, 60 young (61440K), 3 survivors (3072K)
 Metaspace       used 101415K, committed 103424K, reserved 1179648K
  class space    used 14073K, committed 15040K, reserved 1048576K
}
Event: 15.657 GC heap after
{Heap after GC invocations=34 (full 0):
 garbage-first heap   total 211968K, used 129153K [0x0000000080000000, 0x0000000100000000)
  region size 1024K, 6 young (6144K), 6 survivors (6144K)
 Metaspace       used 101415K, committed 103424K, reserved 1179648K
  class space    used 14073K, committed 15040K, reserved 1048576K
}
Event: 16.304 GC heap before
{Heap before GC invocations=34 (full 0):
 garbage-first heap   total 211968K, used 194689K [0x0000000080000000, 0x0000000100000000)
  region size 1024K, 70 young (71680K), 6 survivors (6144K)
 Metaspace       used 103085K, committed 105088K, reserved 1179648K
  class space    used 14301K, committed 15296K, reserved 1048576K
}
Event: 16.313 GC heap after
{Heap after GC invocations=35 (full 0):
 garbage-first heap   total 211968K, used 132469K [0x0000000080000000, 0x0000000100000000)
  region size 1024K, 8 young (8192K), 8 survivors (8192K)
 Metaspace       used 103085K, committed 105088K, reserved 1179648K
  class space    used 14301K, committed 15296K, reserved 1048576K
}
Event: 16.895 GC heap before
{Heap before GC invocations=35 (full 0):
 garbage-first heap   total 211968K, used 175477K [0x0000000080000000, 0x0000000100000000)
  region size 1024K, 51 young (52224K), 8 survivors (8192K)
 Metaspace       used 105642K, committed 107712K, reserved 1179648K
  class space    used 14654K, committed 15680K, reserved 1048576K
}
Event: 16.902 GC heap after
{Heap after GC invocations=36 (full 0):
 garbage-first heap   total 211968K, used 134905K [0x0000000080000000, 0x0000000100000000)
  region size 1024K, 7 young (7168K), 7 survivors (7168K)
 Metaspace       used 105642K, committed 107712K, reserved 1179648K
  class space    used 14654K, committed 15680K, reserved 1048576K
}
Event: 17.953 GC heap before
{Heap before GC invocations=37 (full 0):
 garbage-first heap   total 229376K, used 196345K [0x0000000080000000, 0x0000000100000000)
  region size 1024K, 66 young (67584K), 7 survivors (7168K)
 Metaspace       used 109494K, committed 111552K, reserved 1179648K
  class space    used 15382K, committed 16384K, reserved 1048576K
}
Event: 17.961 GC heap after
{Heap after GC invocations=38 (full 0):
 garbage-first heap   total 229376K, used 136193K [0x0000000080000000, 0x0000000100000000)
  region size 1024K, 4 young (4096K), 4 survivors (4096K)
 Metaspace       used 109494K, committed 111552K, reserved 1179648K
  class space    used 15382K, committed 16384K, reserved 1048576K
}
Event: 19.153 GC heap before
{Heap before GC invocations=38 (full 0):
 garbage-first heap   total 229376K, used 208897K [0x0000000080000000, 0x0000000100000000)
  region size 1024K, 76 young (77824K), 4 survivors (4096K)
 Metaspace       used 113962K, committed 116032K, reserved 1179648K
  class space    used 16017K, committed 17024K, reserved 1048576K
}
Event: 19.163 GC heap after
{Heap after GC invocations=39 (full 0):
 garbage-first heap   total 229376K, used 139394K [0x0000000080000000, 0x0000000100000000)
  region size 1024K, 8 young (8192K), 8 survivors (8192K)
 Metaspace       used 113962K, committed 116032K, reserved 1179648K
  class space    used 16017K, committed 17024K, reserved 1048576K
}
Event: 19.308 GC heap before
{Heap before GC invocations=39 (full 0):
 garbage-first heap   total 229376K, used 147586K [0x0000000080000000, 0x0000000100000000)
  region size 1024K, 17 young (17408K), 8 survivors (8192K)
 Metaspace       used 114412K, committed 116544K, reserved 1179648K
  class space    used 16058K, committed 17088K, reserved 1048576K
}
Event: 19.319 GC heap after
{Heap after GC invocations=40 (full 0):
 garbage-first heap   total 229376K, used 142358K [0x0000000080000000, 0x0000000100000000)
  region size 1024K, 7 young (7168K), 7 survivors (7168K)
 Metaspace       used 114412K, committed 116544K, reserved 1179648K
  class space    used 16058K, committed 17088K, reserved 1048576K
}
Event: 20.500 GC heap before
{Heap before GC invocations=41 (full 0):
 garbage-first heap   total 247808K, used 214038K [0x0000000080000000, 0x0000000100000000)
  region size 1024K, 69 young (70656K), 7 survivors (7168K)
 Metaspace       used 123749K, committed 125888K, reserved 1179648K
  class space    used 17206K, committed 18240K, reserved 1048576K
}
Event: 20.508 GC heap after
{Heap after GC invocations=42 (full 0):
 garbage-first heap   total 247808K, used 146438K [0x0000000080000000, 0x0000000100000000)
  region size 1024K, 6 young (6144K), 6 survivors (6144K)
 Metaspace       used 123749K, committed 125888K, reserved 1179648K
  class space    used 17206K, committed 18240K, reserved 1048576K
}

