# JRE version: OpenJDK Runtime Environment (21.0.9) (build 21.0.9+-14787801-b1163.94)
# Java VM: OpenJDK 64-Bit Server VM (21.0.9+-14787801-b1163.94, mixed mode, tiered, compressed oops, compressed class ptrs, g1 gc, windows-amd64)
GC Precious Log:
 CardTable entry size: 512
 Card Set container configuration: InlinePtr #cards 5 size 8 Array Of Cards #cards 12 size 40 Howl #buckets 4 coarsen threshold 1843 Howl Bitmap #cards 512 size 80 coarsen threshold 460 Card regions per heap region 1 cards per card region 2048
 CPUs: 12 total, 12 available
 Memory: 16309M
 Large Page Support: Disabled
 NUMA Support: Disabled
 Compressed Oops: Enabled (32-bit)
 Heap Region Size: 1M
 Heap Min Capacity: 8M
 Heap Initial Capacity: 256M
 Heap Max Capacity: 2G
 Pre-touch: Disabled
 Parallel Workers: 10
 Concurrent Workers: 3
 Concurrent Refinement Workers: 10
 Periodic GC: Disabled
Heap:
 garbage-first heap   total 218112K, used 186533K [0x0000000080000000, 0x0000000100000000)
  region size 1024K, 99 young (101376K), 13 survivors (13312K)
 Metaspace       used 95769K, committed 97536K, reserved 1179648K
  class space    used 13120K, committed 13952K, reserved 1048576K
GC Heap History (20 events):
Event: 11.334 GC heap before
{Heap before GC invocations=32 (full 0):
 garbage-first heap   total 176128K, used 167341K [0x0000000080000000, 0x0000000100000000)
  region size 1024K, 89 young (91136K), 1 survivors (1024K)
 Metaspace       used 65774K, committed 67200K, reserved 1114112K
  class space    used 9242K, committed 9920K, reserved 1048576K
}
Event: 11.336 GC heap after
{Heap after GC invocations=33 (full 0):
 garbage-first heap   total 176128K, used 78323K [0x0000000080000000, 0x0000000100000000)
  region size 1024K, 2 young (2048K), 2 survivors (2048K)
 Metaspace       used 65774K, committed 67200K, reserved 1114112K
  class space    used 9242K, committed 9920K, reserved 1048576K
}
Event: 11.739 GC heap before
{Heap before GC invocations=33 (full 0):
 garbage-first heap   total 176128K, used 167411K [0x0000000080000000, 0x0000000100000000)
  region size 1024K, 87 young (89088K), 2 survivors (2048K)
 Metaspace       used 66104K, committed 67584K, reserved 1114112K
  class space    used 9264K, committed 9984K, reserved 1048576K
}
Event: 11.744 GC heap after
{Heap after GC invocations=34 (full 0):
 garbage-first heap   total 211968K, used 79406K [0x0000000080000000, 0x0000000100000000)
  region size 1024K, 4 young (4096K), 4 survivors (4096K)
 Metaspace       used 66104K, committed 67584K, reserved 1114112K
  class space    used 9264K, committed 9984K, reserved 1048576K
}
Event: 12.226 GC heap before
{Heap before GC invocations=34 (full 0):
 garbage-first heap   total 211968K, used 197166K [0x0000000080000000, 0x0000000100000000)
  region size 1024K, 120 young (122880K), 4 survivors (4096K)
 Metaspace       used 66382K, committed 67840K, reserved 1114112K
  class space    used 9302K, committed 9984K, reserved 1048576K
}
Event: 12.231 GC heap after
{Heap after GC invocations=35 (full 0):
 garbage-first heap   total 211968K, used 83526K [0x0000000080000000, 0x0000000100000000)
  region size 1024K, 8 young (8192K), 8 survivors (8192K)
 Metaspace       used 66382K, committed 67840K, reserved 1114112K
  class space    used 9302K, committed 9984K, reserved 1048576K
}
Event: 12.537 GC heap before
{Heap before GC invocations=35 (full 0):
 garbage-first heap   total 211968K, used 196166K [0x0000000080000000, 0x0000000100000000)
  region size 1024K, 119 young (121856K), 8 survivors (8192K)
 Metaspace       used 66693K, committed 68160K, reserved 1114112K
  class space    used 9304K, committed 9984K, reserved 1048576K
}
Event: 12.545 GC heap after
{Heap after GC invocations=36 (full 0):
 garbage-first heap   total 211968K, used 89142K [0x0000000080000000, 0x0000000100000000)
  region size 1024K, 13 young (13312K), 13 survivors (13312K)
 Metaspace       used 66693K, committed 68160K, reserved 1114112K
  class space    used 9304K, committed 9984K, reserved 1048576K
}
Event: 12.753 GC heap before
{Heap before GC invocations=36 (full 0):
 garbage-first heap   total 211968K, used 196662K [0x0000000080000000, 0x0000000100000000)
  region size 1024K, 118 young (120832K), 13 survivors (13312K)
 Metaspace       used 66734K, committed 68224K, reserved 1114112K
  class space    used 9308K, committed 9984K, reserved 1048576K
}
Event: 12.759 GC heap after
{Heap after GC invocations=37 (full 0):
 garbage-first heap   total 211968K, used 90470K [0x0000000080000000, 0x0000000100000000)
  region size 1024K, 8 young (8192K), 8 survivors (8192K)
 Metaspace       used 66734K, committed 68224K, reserved 1114112K
  class space    used 9308K, committed 9984K, reserved 1048576K
}
Event: 12.951 GC heap before
{Heap before GC invocations=38 (full 0):
 garbage-first heap   total 211968K, used 197990K [0x0000000080000000, 0x0000000100000000)
  region size 1024K, 114 young (116736K), 8 survivors (8192K)
 Metaspace       used 66773K, committed 68224K, reserved 1114112K
  class space    used 9308K, committed 9984K, reserved 1048576K
}
Event: 12.955 GC heap after
{Heap after GC invocations=39 (full 0):
 garbage-first heap   total 211968K, used 88568K [0x0000000080000000, 0x0000000100000000)
  region size 1024K, 7 young (7168K), 7 survivors (7168K)
 Metaspace       used 66773K, committed 68224K, reserved 1114112K
  class space    used 9308K, committed 9984K, reserved 1048576K
}
Event: 13.292 GC heap before
{Heap before GC invocations=39 (full 0):
 garbage-first heap   total 211968K, used 198136K [0x0000000080000000, 0x0000000100000000)
  region size 1024K, 115 young (117760K), 7 survivors (7168K)
 Metaspace       used 66790K, committed 68224K, reserved 1114112K
  class space    used 9308K, committed 9984K, reserved 1048576K
}
Event: 13.297 GC heap after
{Heap after GC invocations=40 (full 0):
 garbage-first heap   total 211968K, used 88212K [0x0000000080000000, 0x0000000100000000)
  region size 1024K, 6 young (6144K), 6 survivors (6144K)
 Metaspace       used 66790K, committed 68224K, reserved 1114112K
  class space    used 9308K, committed 9984K, reserved 1048576K
}
Event: 13.796 GC heap before
{Heap before GC invocations=40 (full 0):
 garbage-first heap   total 211968K, used 191636K [0x0000000080000000, 0x0000000100000000)
  region size 1024K, 109 young (111616K), 6 survivors (6144K)
 Metaspace       used 67998K, committed 69504K, reserved 1114112K
  class space    used 9421K, committed 10112K, reserved 1048576K
}
Event: 13.800 GC heap after
{Heap after GC invocations=41 (full 0):
 garbage-first heap   total 211968K, used 91301K [0x0000000080000000, 0x0000000100000000)
  region size 1024K, 9 young (9216K), 9 survivors (9216K)
 Metaspace       used 67998K, committed 69504K, reserved 1114112K
  class space    used 9421K, committed 10112K, reserved 1048576K
}
Event: 14.657 GC heap before
{Heap before GC invocations=42 (full 0):
 garbage-first heap   total 211968K, used 201893K [0x0000000080000000, 0x0000000100000000)
  region size 1024K, 115 young (117760K), 9 survivors (9216K)
 Metaspace       used 72552K, committed 74176K, reserved 1114112K
  class space    used 10015K, committed 10752K, reserved 1048576K
}
Event: 14.664 GC heap after
{Heap after GC invocations=43 (full 0):
 garbage-first heap   total 216064K, used 94976K [0x0000000080000000, 0x0000000100000000)
  region size 1024K, 8 young (8192K), 8 survivors (8192K)
 Metaspace       used 72552K, committed 74176K, reserved 1114112K
  class space    used 10015K, committed 10752K, reserved 1048576K
}
Event: 15.871 GC heap before
{Heap before GC invocations=43 (full 0):
 garbage-first heap   total 216064K, used 202496K [0x0000000080000000, 0x0000000100000000)
  region size 1024K, 113 young (115712K), 8 survivors (8192K)
 Metaspace       used 83475K, committed 85184K, reserved 1179648K
  class space    used 11459K, committed 12288K, reserved 1048576K
}
Event: 15.878 GC heap after
{Heap after GC invocations=44 (full 0):
 garbage-first heap   total 218112K, used 100517K [0x0000000080000000, 0x0000000100000000)
  region size 1024K, 13 young (13312K), 13 survivors (13312K)
 Metaspace       used 83475K, committed 85184K, reserved 1179648K
  class space    used 11459K, committed 12288K, reserved 1048576K
}

