# JRE version: OpenJDK Runtime Environment (21.0.9) (build 21.0.9+-14787801-b1163.94)
# Java VM: OpenJDK 64-Bit Server VM (21.0.9+-14787801-b1163.94, mixed mode, tiered, compressed oops, compressed class ptrs, g1 gc, windows-amd64)
GC Precious Log:
 CardTable entry size: 512
 Card Set container configuration: InlinePtr #cards 5 size 8 Array Of Cards #cards 12 size 40 Howl #buckets 4 coarsen threshold 1843 Howl Bitmap #cards 512 size 80 coarsen threshold 460 Card regions per heap region 1 cards per card region 2048
 CPUs: 12 total, 12 available
 Memory: 16309M
 Large Page Support: Disabled
 NUMA Support: Disabled
 Compressed Oops: Enabled (32-bit)
 Heap Region Size: 1M
 Heap Min Capacity: 8M
 Heap Initial Capacity: 256M
 Heap Max Capacity: 2G
 Pre-touch: Disabled
 Parallel Workers: 10
 Concurrent Workers: 3
 Concurrent Refinement Workers: 10
 Periodic GC: Disabled
Heap:
 garbage-first heap   total 518144K, used 411041K [0x0000000080000000, 0x0000000100000000)
  region size 1024K, 243 young (248832K), 31 survivors (31744K)
 Metaspace       used 168071K, committed 170688K, reserved 1245184K
  class space    used 22390K, committed 23680K, reserved 1048576K
GC Heap History (20 events):
Event: 85.481 GC heap before
{Heap before GC invocations=42 (full 0):
 garbage-first heap   total 499712K, used 446464K [0x0000000080000000, 0x0000000100000000)
  region size 1024K, 263 young (269312K), 22 survivors (22528K)
 Metaspace       used 146172K, committed 148608K, reserved 1179648K
  class space    used 19958K, committed 21120K, reserved 1048576K
}
Event: 85.493 GC heap after
{Heap after GC invocations=43 (full 0):
 garbage-first heap   total 499712K, used 201122K [0x0000000080000000, 0x0000000100000000)
  region size 1024K, 18 young (18432K), 18 survivors (18432K)
 Metaspace       used 146172K, committed 148608K, reserved 1179648K
  class space    used 19958K, committed 21120K, reserved 1048576K
}
Event: 86.279 GC heap before
{Heap before GC invocations=43 (full 0):
 garbage-first heap   total 499712K, used 252322K [0x0000000080000000, 0x0000000100000000)
  region size 1024K, 70 young (71680K), 18 survivors (18432K)
 Metaspace       used 150304K, committed 152704K, reserved 1245184K
  class space    used 20564K, committed 21696K, reserved 1048576K
}
Event: 86.284 GC heap after
{Heap after GC invocations=44 (full 0):
 garbage-first heap   total 499712K, used 188834K [0x0000000080000000, 0x0000000100000000)
  region size 1024K, 6 young (6144K), 6 survivors (6144K)
 Metaspace       used 150304K, committed 152704K, reserved 1245184K
  class space    used 20564K, committed 21696K, reserved 1048576K
}
Event: 87.457 GC heap before
{Heap before GC invocations=45 (full 0):
 garbage-first heap   total 499712K, used 463266K [0x0000000080000000, 0x0000000100000000)
  region size 1024K, 270 young (276480K), 6 survivors (6144K)
 Metaspace       used 150684K, committed 153088K, reserved 1245184K
  class space    used 20581K, committed 21760K, reserved 1048576K
}
Event: 87.462 GC heap after
{Heap after GC invocations=46 (full 0):
 garbage-first heap   total 499712K, used 193729K [0x0000000080000000, 0x0000000100000000)
  region size 1024K, 9 young (9216K), 9 survivors (9216K)
 Metaspace       used 150684K, committed 153088K, reserved 1245184K
  class space    used 20581K, committed 21760K, reserved 1048576K
}
Event: 92.161 GC heap before
{Heap before GC invocations=46 (full 0):
 garbage-first heap   total 499712K, used 476353K [0x0000000080000000, 0x0000000100000000)
  region size 1024K, 277 young (283648K), 9 survivors (9216K)
 Metaspace       used 154406K, committed 156864K, reserved 1245184K
  class space    used 20952K, committed 22144K, reserved 1048576K
}
Event: 92.178 GC heap after
{Heap after GC invocations=47 (full 0):
 garbage-first heap   total 499712K, used 190238K [0x0000000080000000, 0x0000000100000000)
  region size 1024K, 14 young (14336K), 14 survivors (14336K)
 Metaspace       used 154406K, committed 156864K, reserved 1245184K
  class space    used 20952K, committed 22144K, reserved 1048576K
}
Event: 92.180 GC heap before
{Heap before GC invocations=47 (full 0):
 garbage-first heap   total 499712K, used 193310K [0x0000000080000000, 0x0000000100000000)
  region size 1024K, 18 young (18432K), 14 survivors (14336K)
 Metaspace       used 154408K, committed 156864K, reserved 1245184K
  class space    used 20952K, committed 22144K, reserved 1048576K
}
Event: 92.186 GC heap after
{Heap after GC invocations=48 (full 0):
 garbage-first heap   total 499712K, used 189444K [0x0000000080000000, 0x0000000100000000)
  region size 1024K, 14 young (14336K), 14 survivors (14336K)
 Metaspace       used 154408K, committed 156864K, reserved 1245184K
  class space    used 20952K, committed 22144K, reserved 1048576K
}
Event: 93.549 GC heap before
{Heap before GC invocations=49 (full 0):
 garbage-first heap   total 499712K, used 486404K [0x0000000080000000, 0x0000000100000000)
  region size 1024K, 290 young (296960K), 14 survivors (14336K)
 Metaspace       used 154749K, committed 157248K, reserved 1245184K
  class space    used 20964K, committed 22208K, reserved 1048576K
}
Event: 93.594 GC heap after
{Heap after GC invocations=50 (full 0):
 garbage-first heap   total 503808K, used 191227K [0x0000000080000000, 0x0000000100000000)
  region size 1024K, 15 young (15360K), 15 survivors (15360K)
 Metaspace       used 154749K, committed 157248K, reserved 1245184K
  class space    used 20964K, committed 22208K, reserved 1048576K
}
Event: 94.918 GC heap before
{Heap before GC invocations=50 (full 0):
 garbage-first heap   total 503808K, used 497403K [0x0000000080000000, 0x0000000100000000)
  region size 1024K, 294 young (301056K), 15 survivors (15360K)
 Metaspace       used 154776K, committed 157248K, reserved 1245184K
  class space    used 20964K, committed 22208K, reserved 1048576K
}
Event: 94.928 GC heap after
{Heap after GC invocations=51 (full 0):
 garbage-first heap   total 518144K, used 186389K [0x0000000080000000, 0x0000000100000000)
  region size 1024K, 17 young (17408K), 17 survivors (17408K)
 Metaspace       used 154776K, committed 157248K, reserved 1245184K
  class space    used 20964K, committed 22208K, reserved 1048576K
}
Event: 95.900 GC heap before
{Heap before GC invocations=51 (full 0):
 garbage-first heap   total 518144K, used 285717K [0x0000000080000000, 0x0000000100000000)
  region size 1024K, 116 young (118784K), 17 survivors (17408K)
 Metaspace       used 154792K, committed 157248K, reserved 1245184K
  class space    used 20965K, committed 22208K, reserved 1048576K
}
Event: 95.911 GC heap after
{Heap after GC invocations=52 (full 0):
 garbage-first heap   total 518144K, used 187946K [0x0000000080000000, 0x0000000100000000)
  region size 1024K, 18 young (18432K), 18 survivors (18432K)
 Metaspace       used 154792K, committed 157248K, reserved 1245184K
  class space    used 20965K, committed 22208K, reserved 1048576K
}
Event: 97.856 GC heap before
{Heap before GC invocations=53 (full 0):
 garbage-first heap   total 518144K, used 491050K [0x0000000080000000, 0x0000000100000000)
  region size 1024K, 303 young (310272K), 18 survivors (18432K)
 Metaspace       used 154914K, committed 157440K, reserved 1245184K
  class space    used 20970K, committed 22208K, reserved 1048576K
}
Event: 97.870 GC heap after
{Heap after GC invocations=54 (full 0):
 garbage-first heap   total 518144K, used 188990K [0x0000000080000000, 0x0000000100000000)
  region size 1024K, 19 young (19456K), 19 survivors (19456K)
 Metaspace       used 154914K, committed 157440K, reserved 1245184K
  class space    used 20970K, committed 22208K, reserved 1048576K
}
Event: 107.384 GC heap before
{Heap before GC invocations=54 (full 0):
 garbage-first heap   total 518144K, used 478782K [0x0000000080000000, 0x0000000100000000)
  region size 1024K, 303 young (310272K), 19 survivors (19456K)
 Metaspace       used 159883K, committed 162368K, reserved 1245184K
  class space    used 21567K, committed 22784K, reserved 1048576K
}
Event: 107.407 GC heap after
{Heap after GC invocations=55 (full 0):
 garbage-first heap   total 518144K, used 196001K [0x0000000080000000, 0x0000000100000000)
  region size 1024K, 31 young (31744K), 31 survivors (31744K)
 Metaspace       used 159883K, committed 162368K, reserved 1245184K
  class space    used 21567K, committed 22784K, reserved 1048576K
}

